<?xml version="1.0" encoding="UTF-8"?>
<!-- Generated by org.testng.reporters.JUnitReportReporter -->
<testsuite hostname="Rakeshs-MacBook-Air.local" failures="0" tests="1" name="CrosssBrowserTesting.CrossBrowserTestingDemo" time="11.147" errors="0" timestamp="2025-04-07T13:56:19 IST" skipped="0">
  <testcase classname="CrosssBrowserTesting.CrossBrowserTestingDemo" name="verifyTitle" time="11.147"/>
</testsuite> <!-- CrosssBrowserTesting.CrossBrowserTestingDemo -->
