<?xml version="1.0" encoding="UTF-8"?>
<!-- Generated by org.testng.reporters.JUnitReportReporter -->
<testsuite hostname="Rakeshs-MacBook-Air.local" failures="0" tests="2" name="SDETQAPAGEOBJECTMODEL.LoginTest" time="87.903" errors="0" timestamp="2025-04-08T16:53:04 IST" skipped="0">
  <testcase classname="SDETQAPAGEOBJECTMODEL.LoginTest" name="TestLogin2" time="31.421"/>
  <testcase classname="SDETQAPAGEOBJECTMODEL.LoginTest" name="TestLogin" time="56.482"/>
</testsuite> <!-- SDETQAPAGEOBJECTMODEL.LoginTest -->
