<?xml version="1.0" encoding="UTF-8"?>
<!-- Generated by org.testng.reporters.JUnitReportReporter -->
<testsuite hostname="Rakeshs-MacBook-Air.local" failures="0" tests="1" name="Test_Scenarios.TestMethod_GoogleSearch" time="0.095" errors="0" timestamp="2025-04-04T09:31:39 IST" skipped="0">
  <testcase classname="Test_Scenarios.TestMethod_GoogleSearch" name="SearchOperation" time="0.095"/>
</testsuite> <!-- Test_Scenarios.TestMethod_GoogleSearch -->
