<?xml version="1.0" encoding="UTF-8"?>
<!-- Generated by org.testng.reporters.JUnitReportReporter -->
<testsuite hostname="Rakeshs-MacBook-Air.local" failures="0" tests="1" name="CodeStudio.LoginWithoutPOM" time="1.378" errors="0" timestamp="2025-04-07T00:09:34 IST" skipped="0">
  <testcase classname="CodeStudio.LoginWithoutPOM" name="proceedToLogin" time="1.378"/>
</testsuite> <!-- CodeStudio.LoginWithoutPOM -->
